<!DOCTYPE html PUBLIC "-//W3C//DTD XHTML 1.1//EN" "http://www.w3.org/TR/xhtml11/DTD/xhtml11.dtd">
<html xmlns="http://www.w3.org/1999/xhtml"><head><title>TestNG Report</title><style type="text/css">table {margin-bottom:10px;border-collapse:collapse;empty-cells:show}th,td {border:1px solid #009;padding:.25em .5em}th {vertical-align:bottom}td {vertical-align:top}table a {font-weight:bold}.stripe td {background-color: #E6EBF9}.num {text-align:right}.passedodd td {background-color: #3F3}.passedeven td {background-color: #0A0}.skippedodd td {background-color: #DDD}.skippedeven td {background-color: #CCC}.failedodd td,.attn {background-color: #F33}.failedeven td,.stripe .attn {background-color: #D00}.stacktrace {white-space:pre;font-family:monospace}.totop {font-size:85%;text-align:center;border-bottom:2px solid #000}</style></head><body><table><tr><th>Test</th><th># Passed</th><th># Skipped</th><th># Failed</th><th>Time (ms)</th><th>Included Groups</th><th>Excluded Groups</th></tr><tr><th colspan="7">Default suite</th></tr><tr><td><a href="#t0">Default test</a></td><td class="num">0</td><td class="num">0</td><td class="num attn">1</td><td class="num">796,360</td><td></td><td></td></tr></table><table><thead><tr><th>Class</th><th>Method</th><th>Start</th><th>Time (ms)</th></tr></thead><tbody><tr><th colspan="4">Default suite</th></tr></tbody><tbody id="t0"><tr><th colspan="4">Default test &#8212; failed (configuration methods)</th></tr><tr class="failedeven"><td rowspan="1">SalesRefundnegativescenarios.Airnegative</td><td><a href="#m0">close</a></td><td rowspan="1">1604464880901</td><td rowspan="1">0</td></tr><tr><th colspan="4">Default test &#8212; failed</th></tr><tr class="failedeven"><td rowspan="1">SalesRefundnegativescenarios.Airnegative</td><td><a href="#m1">logincheckK</a></td><td rowspan="1">1604464099352</td><td rowspan="1">781521</td></tr></tbody></table><h2>Default test</h2><h3 id="m0">SalesRefundnegativescenarios.Airnegative#close</h3><table class="result"><tr><th>Exception</th></tr><tr><td><div class="stacktrace">org.openqa.selenium.WebDriverException: chrome not reachable
  (Session info: chrome=86.0.4240.111)
  (Driver info: chromedriver=2.37.544315 (730aa6a5fdba159ac9f4c1e8cbc59bf1b5ce12b7),platform=Windows NT 6.3.9600 x86_64) (WARNING: The server did not provide any stacktrace information)
Command duration or timeout: 0 milliseconds
Build info: version: &apos;3.14.0&apos;, revision: &apos;aacccce0&apos;, time: &apos;2018-08-02T20:05:20.749Z&apos;
System info: host: &apos;PRABHA&apos;, ip: &apos;192.168.186.1&apos;, os.name: &apos;Windows 8.1&apos;, os.arch: &apos;x86&apos;, os.version: &apos;6.3&apos;, java.version: &apos;1.8.0_211&apos;
Driver info: org.openqa.selenium.chrome.ChromeDriver
Capabilities {acceptInsecureCerts: false, acceptSslCerts: false, applicationCacheEnabled: false, browserConnectionEnabled: false, browserName: chrome, chrome: {chromedriverVersion: 2.37.544315 (730aa6a5fdba15..., userDataDir: C:\Users\ASHOKP~1\AppData\L...}, cssSelectorsEnabled: true, databaseEnabled: false, handlesAlerts: true, hasTouchScreen: false, javascriptEnabled: true, locationContextEnabled: true, mobileEmulationEnabled: false, nativeEvents: true, networkConnectionEnabled: false, pageLoadStrategy: normal, platform: XP, platformName: XP, rotatable: false, setWindowRect: true, takesHeapSnapshot: true, takesScreenshot: true, unexpectedAlertBehaviour: , unhandledPromptBehavior: , version: 86.0.4240.111, webStorageEnabled: true}
Session ID: 2bd69445056e493f32ca5afb5c13df1d
	at sun.reflect.NativeConstructorAccessorImpl.newInstance0(Native Method)
	at sun.reflect.NativeConstructorAccessorImpl.newInstance(Unknown Source)
	at sun.reflect.DelegatingConstructorAccessorImpl.newInstance(Unknown Source)
	at java.lang.reflect.Constructor.newInstance(Unknown Source)
	at org.openqa.selenium.remote.ErrorHandler.createThrowable(ErrorHandler.java:214)
	at org.openqa.selenium.remote.ErrorHandler.throwIfResponseFailed(ErrorHandler.java:166)
	at org.openqa.selenium.remote.http.JsonHttpResponseCodec.reconstructValue(JsonHttpResponseCodec.java:40)
	at org.openqa.selenium.remote.http.AbstractHttpResponseCodec.decode(AbstractHttpResponseCodec.java:80)
	at org.openqa.selenium.remote.http.AbstractHttpResponseCodec.decode(AbstractHttpResponseCodec.java:44)
	at org.openqa.selenium.remote.HttpCommandExecutor.execute(HttpCommandExecutor.java:158)
	at org.openqa.selenium.remote.service.DriverCommandExecutor.execute(DriverCommandExecutor.java:83)
	at org.openqa.selenium.remote.RemoteWebDriver.execute(RemoteWebDriver.java:548)
	at org.openqa.selenium.remote.RemoteWebDriver.execute(RemoteWebDriver.java:605)
	at org.openqa.selenium.remote.RemoteWebDriver.close(RemoteWebDriver.java:438)
	at travlogix.Wrappermethods.close(Wrappermethods.java:809)
	at SalesRefundnegativescenarios.Airnegative.close(Airnegative.java:1017)
	at sun.reflect.NativeMethodAccessorImpl.invoke0(Native Method)
	at sun.reflect.NativeMethodAccessorImpl.invoke(Unknown Source)
	at sun.reflect.DelegatingMethodAccessorImpl.invoke(Unknown Source)
	at java.lang.reflect.Method.invoke(Unknown Source)
	at org.testng.internal.MethodInvocationHelper.invokeMethod(MethodInvocationHelper.java:104)
	at org.testng.internal.Invoker.invokeConfigurationMethod(Invoker.java:515)
	at org.testng.internal.Invoker.invokeConfigurations(Invoker.java:217)
	at org.testng.internal.Invoker.invokeMethod(Invoker.java:712)
	at org.testng.internal.Invoker.invokeTestMethod(Invoker.java:851)
	at org.testng.internal.Invoker.invokeTestMethods(Invoker.java:1177)
	at org.testng.internal.TestMethodWorker.invokeTestMethods(TestMethodWorker.java:129)
	at org.testng.internal.TestMethodWorker.run(TestMethodWorker.java:112)
	at org.testng.TestRunner.privateRun(TestRunner.java:756)
	at org.testng.TestRunner.run(TestRunner.java:610)
	at org.testng.SuiteRunner.runTest(SuiteRunner.java:387)
	at org.testng.SuiteRunner.runSequentially(SuiteRunner.java:382)
	at org.testng.SuiteRunner.privateRun(SuiteRunner.java:340)
	at org.testng.SuiteRunner.run(SuiteRunner.java:289)
	at org.testng.SuiteRunnerWorker.runSuite(SuiteRunnerWorker.java:52)
	at org.testng.SuiteRunnerWorker.run(SuiteRunnerWorker.java:86)
	at org.testng.TestNG.runSuitesSequentially(TestNG.java:1293)
	at org.testng.TestNG.runSuitesLocally(TestNG.java:1218)
	at org.testng.TestNG.runSuites(TestNG.java:1133)
	at org.testng.TestNG.run(TestNG.java:1104)
	at org.testng.remote.AbstractRemoteTestNG.run(AbstractRemoteTestNG.java:132)
	at org.testng.remote.RemoteTestNG.initAndRun(RemoteTestNG.java:236)
	at org.testng.remote.RemoteTestNG.main(RemoteTestNG.java:81)
</div></td></tr></table><p class="totop"><a href="#summary">back to summary</a></p><h3 id="m1">SalesRefundnegativescenarios.Airnegative#logincheckK</h3><table class="result"><tr class="param"><th>Parameter #1</th><th>Parameter #2</th><th>Parameter #3</th><th>Parameter #4</th><th>Parameter #5</th><th>Parameter #6</th><th>Parameter #7</th><th>Parameter #8</th><th>Parameter #9</th><th>Parameter #10</th><th>Parameter #11</th><th>Parameter #12</th><th>Parameter #13</th><th>Parameter #14</th><th>Parameter #15</th><th>Parameter #16</th><th>Parameter #17</th><th>Parameter #18</th><th>Parameter #19</th><th>Parameter #20</th><th>Parameter #21</th><th>Parameter #22</th><th>Parameter #23</th><th>Parameter #24</th><th>Parameter #25</th><th>Parameter #26</th><th>Parameter #27</th><th>Parameter #28</th><th>Parameter #29</th><th>Parameter #30</th><th>Parameter #31</th><th>Parameter #32</th><th>Parameter #33</th><th>Parameter #34</th><th>Parameter #35</th><th>Parameter #36</th><th>Parameter #37</th><th>Parameter #38</th><th>Parameter #39</th><th>Parameter #40</th><th>Parameter #41</th><th>Parameter #42</th><th>Parameter #43</th><th>Parameter #44</th><th>Parameter #45</th><th>Parameter #46</th><th>Parameter #47</th><th>Parameter #48</th><th>Parameter #49</th><th>Parameter #50</th><th>Parameter #51</th><th>Parameter #52</th><th>Parameter #53</th><th>Parameter #54</th><th>Parameter #55</th><th>Parameter #56</th><th>Parameter #57</th><th>Parameter #58</th><th>Parameter #59</th><th>Parameter #60</th><th>Parameter #61</th><th>Parameter #62</th><th>Parameter #63</th></tr><tr class="param stripe"><td>CU101</td><td>P@ssw0rd</td><td>Sales / Refund</td><td>0</td><td>9210291201</td><td>8888885252</td><td>9210291203</td><td>INBOUND DOCKET</td><td>OUTBOUND DOCKET</td><td>OBEB2C</td><td>AEBRN05 - Fujairah Branch</td><td>DBA TRAVELS_KUWAIT</td><td>C0004</td><td>9210291201</td><td>Test</td><td>Test</td><td>INBOUND DOCKET</td><td>0</td><td>AEBR01 - AE Branch 01 - Dubai</td><td>0</td><td>jordan</td><td>1</td><td>TESTT</td><td>6E</td><td>AIR INDIA EXPRESS</td><td>T17</td><td>EMIRATES AIRLINE - COMP1</td><td>0</td><td>9210291202</td><td>AE - Supplier</td><td>BRANCH - Ms. Comp 2 Branch  B</td><td>CUS101 - ABDUL JAVID</td><td>BU121 - Ms.Comp1 Branch 2 User 1</td><td>pcc 5444</td><td>9029093334</td><td>AUH</td><td>0</td><td>BLR</td><td>0</td><td>1000</td><td>800</td><td>null</td><td>AEDName</td><td>HDFC Card</td><td>Normal</td><td>0</td><td>1000</td><td>32IGST</td><td>0</td><td>10</td><td>ARSRV01</td><td>0</td><td>4</td><td>1</td><td>1</td><td>1</td><td>MR. FIXED AGENT 02</td><td>0</td><td>1</td><td>1</td><td>TEST</td><td>MR. FIXED AGENT 02</td><td>KWC668_1 -  Glaxo Saudi Arabia Ltd -FAC_1</td></tr><tr><th colspan="63">Messages</th></tr><tr><td colspan="63"><div class="messages">STEP2<br/>STEP3<br/>STEP4<br/>STEP5<br/>STEP6<br/>STEP7<br/>STEP8<br/>STEP9<br/>STEP10<br/>STEP11<br/>STEP12<br/>STEP13<br/>STEP14<br/>STEP15<br/>STEP16<br/>STEP17<br/>STEP18<br/>STEP19<br/>STEP20<br/>STEP21<br/>STEP22<br/>STEP23<br/>STEP24<br/>STEP25<br/>STEP26<br/>STEP27<br/>STEP28<br/>STEP29<br/>STEP30<br/>STEP31<br/>STEP32<br/>STEP33<br/>STEP34<br/>STEP35<br/>STEP36<br/>STEP37<br/>STEP38<br/>STEP39<br/>STEP40<br/>STEP41<br/>STEP42<br/>STEP43<br/>STEP44<br/>STEP45<br/>STEP46<br/>STEP47<br/>STEP48<br/>STEP49<br/>STEP50<br/>STEP51<br/>STEP52<br/>STEP53<br/>STEP54<br/>STEP55<br/>STEP56<br/>STEP57<br/>STEP58<br/>STEP59<br/>STEP60<br/>STEP61<br/>STEP62<br/>STEP63<br/>STEP64<br/>STEP65<br/>STEP66<br/>STEP67<br/>STEP68<br/>STEP69<br/>STEP70<br/>STEP71<br/>STEP72<br/>STEP73<br/>STEP74<br/>STEP75<br/>STEP76<br/>STEP77<br/>STEP78<br/>STEP79<br/>STEP80<br/>STEP81<br/>STEP82<br/>STEP83<br/>STEP84<br/>STEP85<br/>STEP86<br/>STEP87<br/>STEP88<br/>STEP89<br/>STEP90<br/>STEP91<br/>STEP92<br/>STEP93<br/>STEP94<br/>STEP95<br/>STEP96<br/>STEP97<br/>STEP98<br/>STEP99<br/>STEP100<br/>STEP101<br/>STEP102<br/>STEP103<br/>STEP104<br/>STEP105<br/>STEP106<br/>STEP107<br/>STEP108<br/>STEP109<br/>STEP110<br/>STEP111<br/>STEP112<br/>STEP113<br/>STEP114<br/>STEP115<br/>STEP116<br/>STEP117<br/>STEP118<br/>STEP119<br/>STEP120<br/>STEP121<br/>STEP122<br/>STEP123<br/>STEP124<br/>STEP125<br/>STEP126<br/>STEP127<br/>STEP128<br/>STEP129</div></td></tr><tr><th colspan="63">Exception</th></tr><tr><td colspan="63"><div class="stacktrace">org.openqa.selenium.WebDriverException: chrome not reachable
  (Session info: chrome=86.0.4240.111)
  (Driver info: chromedriver=2.37.544315 (730aa6a5fdba159ac9f4c1e8cbc59bf1b5ce12b7),platform=Windows NT 6.3.9600 x86_64) (WARNING: The server did not provide any stacktrace information)
Command duration or timeout: 0 milliseconds
Build info: version: &apos;3.14.0&apos;, revision: &apos;aacccce0&apos;, time: &apos;2018-08-02T20:05:20.749Z&apos;
System info: host: &apos;PRABHA&apos;, ip: &apos;192.168.186.1&apos;, os.name: &apos;Windows 8.1&apos;, os.arch: &apos;x86&apos;, os.version: &apos;6.3&apos;, java.version: &apos;1.8.0_211&apos;
Driver info: org.openqa.selenium.chrome.ChromeDriver
Capabilities {acceptInsecureCerts: false, acceptSslCerts: false, applicationCacheEnabled: false, browserConnectionEnabled: false, browserName: chrome, chrome: {chromedriverVersion: 2.37.544315 (730aa6a5fdba15..., userDataDir: C:\Users\ASHOKP~1\AppData\L...}, cssSelectorsEnabled: true, databaseEnabled: false, handlesAlerts: true, hasTouchScreen: false, javascriptEnabled: true, locationContextEnabled: true, mobileEmulationEnabled: false, nativeEvents: true, networkConnectionEnabled: false, pageLoadStrategy: normal, platform: XP, platformName: XP, rotatable: false, setWindowRect: true, takesHeapSnapshot: true, takesScreenshot: true, unexpectedAlertBehaviour: , unhandledPromptBehavior: , version: 86.0.4240.111, webStorageEnabled: true}
Session ID: 2bd69445056e493f32ca5afb5c13df1d
	at sun.reflect.NativeConstructorAccessorImpl.newInstance0(Native Method)
	at sun.reflect.NativeConstructorAccessorImpl.newInstance(Unknown Source)
	at sun.reflect.DelegatingConstructorAccessorImpl.newInstance(Unknown Source)
	at java.lang.reflect.Constructor.newInstance(Unknown Source)
	at org.openqa.selenium.remote.ErrorHandler.createThrowable(ErrorHandler.java:214)
	at org.openqa.selenium.remote.ErrorHandler.throwIfResponseFailed(ErrorHandler.java:166)
	at org.openqa.selenium.remote.http.JsonHttpResponseCodec.reconstructValue(JsonHttpResponseCodec.java:40)
	at org.openqa.selenium.remote.http.AbstractHttpResponseCodec.decode(AbstractHttpResponseCodec.java:80)
	at org.openqa.selenium.remote.http.AbstractHttpResponseCodec.decode(AbstractHttpResponseCodec.java:44)
	at org.openqa.selenium.remote.HttpCommandExecutor.execute(HttpCommandExecutor.java:158)
	at org.openqa.selenium.remote.service.DriverCommandExecutor.execute(DriverCommandExecutor.java:83)
	at org.openqa.selenium.remote.RemoteWebDriver.execute(RemoteWebDriver.java:548)
	at org.openqa.selenium.remote.RemoteWebDriver.execute(RemoteWebDriver.java:605)
	at org.openqa.selenium.remote.RemoteWebDriver.getScreenshotAs(RemoteWebDriver.java:294)
	at travlogix.Wrappermethods.takeSnap(Wrappermethods.java:877)
	at travlogix.Wrappermethods.Listandenter(Wrappermethods.java:2898)
	at SalesRefundnegativescenarios.Airnegative.logincheckK(Airnegative.java:953)
	at sun.reflect.NativeMethodAccessorImpl.invoke0(Native Method)
	at sun.reflect.NativeMethodAccessorImpl.invoke(Unknown Source)
	at sun.reflect.DelegatingMethodAccessorImpl.invoke(Unknown Source)
	at java.lang.reflect.Method.invoke(Unknown Source)
	at org.testng.internal.MethodInvocationHelper.invokeMethod(MethodInvocationHelper.java:104)
	at org.testng.internal.Invoker.invokeMethod(Invoker.java:645)
	at org.testng.internal.Invoker.invokeTestMethod(Invoker.java:851)
	at org.testng.internal.Invoker.invokeTestMethods(Invoker.java:1177)
	at org.testng.internal.TestMethodWorker.invokeTestMethods(TestMethodWorker.java:129)
	at org.testng.internal.TestMethodWorker.run(TestMethodWorker.java:112)
	at org.testng.TestRunner.privateRun(TestRunner.java:756)
	at org.testng.TestRunner.run(TestRunner.java:610)
	at org.testng.SuiteRunner.runTest(SuiteRunner.java:387)
	at org.testng.SuiteRunner.runSequentially(SuiteRunner.java:382)
	at org.testng.SuiteRunner.privateRun(SuiteRunner.java:340)
	at org.testng.SuiteRunner.run(SuiteRunner.java:289)
	at org.testng.SuiteRunnerWorker.runSuite(SuiteRunnerWorker.java:52)
	at org.testng.SuiteRunnerWorker.run(SuiteRunnerWorker.java:86)
	at org.testng.TestNG.runSuitesSequentially(TestNG.java:1293)
	at org.testng.TestNG.runSuitesLocally(TestNG.java:1218)
	at org.testng.TestNG.runSuites(TestNG.java:1133)
	at org.testng.TestNG.run(TestNG.java:1104)
	at org.testng.remote.AbstractRemoteTestNG.run(AbstractRemoteTestNG.java:132)
	at org.testng.remote.RemoteTestNG.initAndRun(RemoteTestNG.java:236)
	at org.testng.remote.RemoteTestNG.main(RemoteTestNG.java:81)
</div></td></tr></table><p class="totop"><a href="#summary">back to summary</a></p></body></html>